2020-02-07 19:28:38.051 [main] INFO  com.xinchao.EasyEduApp - No active profile set, falling back to default profiles: default
2020-02-07 19:28:40.034 [main] INFO  org.apache.coyote.http11.Http11NioProtocol - Initializing ProtocolHandler ["http-nio-19014"]
2020-02-07 19:28:40.048 [main] INFO  org.apache.catalina.core.StandardService - Starting service [Tomcat]
2020-02-07 19:28:40.049 [main] INFO  org.apache.catalina.core.StandardEngine - Starting Servlet Engine: Apache Tomcat/8.5.29
2020-02-07 19:28:40.194 [localhost-startStop-1] INFO  org.apache.catalina.core.ContainerBase.[Tomcat].[localhost].[/] - Initializing Spring embedded WebApplicationContext
2020-02-07 19:28:42.525 [main] INFO  com.netflix.config.sources.URLConfigurationSource - To enable URLs as dynamic configuration sources, define System property archaius.configurationSource.additionalUrls or make config.properties available on classpath.
2020-02-07 19:28:42.532 [main] INFO  com.netflix.config.sources.URLConfigurationSource - To enable URLs as dynamic configuration sources, define System property archaius.configurationSource.additionalUrls or make config.properties available on classpath.
2020-02-07 19:28:43.795 [main] INFO  springfox.documentation.spring.web.plugins.DocumentationPluginsBootstrapper - Context refreshed
2020-02-07 19:28:43.819 [main] INFO  springfox.documentation.spring.web.plugins.DocumentationPluginsBootstrapper - Found 1 custom documentation plugin(s)
2020-02-07 19:28:43.841 [main] INFO  springfox.documentation.spring.web.scanners.ApiListingReferenceScanner - Scanning for api listing references
2020-02-07 19:28:43.887 [main] INFO  org.apache.coyote.http11.Http11NioProtocol - Starting ProtocolHandler ["http-nio-19014"]
2020-02-07 19:28:43.902 [main] INFO  org.apache.tomcat.util.net.NioSelectorPool - Using a shared selector for servlet write/read
2020-02-07 19:28:43.929 [main] INFO  com.xinchao.EasyEduApp - Started EasyEduApp in 8.378 seconds (JVM running for 10.269)
2020-02-07 19:28:48.571 [http-nio-19014-exec-3] INFO  org.apache.catalina.core.ContainerBase.[Tomcat].[localhost].[/] - Initializing Spring FrameworkServlet 'dispatcherServlet'
2020-02-07 19:48:07.832 [main] INFO  com.xinchao.EasyEduApp - No active profile set, falling back to default profiles: default
2020-02-07 19:48:09.716 [main] INFO  org.apache.coyote.http11.Http11NioProtocol - Initializing ProtocolHandler ["http-nio-19014"]
2020-02-07 19:48:09.740 [main] INFO  org.apache.catalina.core.StandardService - Starting service [Tomcat]
2020-02-07 19:48:09.743 [main] INFO  org.apache.catalina.core.StandardEngine - Starting Servlet Engine: Apache Tomcat/8.5.29
2020-02-07 19:48:09.938 [localhost-startStop-1] INFO  org.apache.catalina.core.ContainerBase.[Tomcat].[localhost].[/] - Initializing Spring embedded WebApplicationContext
2020-02-07 19:48:12.272 [main] INFO  com.netflix.config.sources.URLConfigurationSource - To enable URLs as dynamic configuration sources, define System property archaius.configurationSource.additionalUrls or make config.properties available on classpath.
2020-02-07 19:48:12.278 [main] INFO  com.netflix.config.sources.URLConfigurationSource - To enable URLs as dynamic configuration sources, define System property archaius.configurationSource.additionalUrls or make config.properties available on classpath.
2020-02-07 19:48:13.754 [main] INFO  springfox.documentation.spring.web.plugins.DocumentationPluginsBootstrapper - Context refreshed
2020-02-07 19:48:13.781 [main] INFO  springfox.documentation.spring.web.plugins.DocumentationPluginsBootstrapper - Found 1 custom documentation plugin(s)
2020-02-07 19:48:13.817 [main] INFO  springfox.documentation.spring.web.scanners.ApiListingReferenceScanner - Scanning for api listing references
2020-02-07 19:48:13.876 [main] INFO  org.apache.coyote.http11.Http11NioProtocol - Starting ProtocolHandler ["http-nio-19014"]
2020-02-07 19:48:13.893 [main] INFO  org.apache.tomcat.util.net.NioSelectorPool - Using a shared selector for servlet write/read
2020-02-07 19:48:13.927 [main] INFO  com.xinchao.EasyEduApp - Started EasyEduApp in 8.896 seconds (JVM running for 10.705)
2020-02-07 19:48:46.924 [http-nio-19014-exec-1] INFO  org.apache.catalina.core.ContainerBase.[Tomcat].[localhost].[/] - Initializing Spring FrameworkServlet 'dispatcherServlet'
2020-02-07 20:00:30.495 [main] INFO  com.xinchao.EasyEduApp - No active profile set, falling back to default profiles: default
2020-02-07 20:00:32.311 [main] INFO  org.apache.coyote.http11.Http11NioProtocol - Initializing ProtocolHandler ["http-nio-19014"]
2020-02-07 20:00:32.327 [main] INFO  org.apache.catalina.core.StandardService - Starting service [Tomcat]
2020-02-07 20:00:32.327 [main] INFO  org.apache.catalina.core.StandardEngine - Starting Servlet Engine: Apache Tomcat/8.5.29
2020-02-07 20:00:32.472 [localhost-startStop-1] INFO  org.apache.catalina.core.ContainerBase.[Tomcat].[localhost].[/] - Initializing Spring embedded WebApplicationContext
2020-02-07 20:00:34.661 [main] INFO  com.netflix.config.sources.URLConfigurationSource - To enable URLs as dynamic configuration sources, define System property archaius.configurationSource.additionalUrls or make config.properties available on classpath.
2020-02-07 20:00:34.666 [main] INFO  com.netflix.config.sources.URLConfigurationSource - To enable URLs as dynamic configuration sources, define System property archaius.configurationSource.additionalUrls or make config.properties available on classpath.
2020-02-07 20:00:35.984 [main] INFO  springfox.documentation.spring.web.plugins.DocumentationPluginsBootstrapper - Context refreshed
2020-02-07 20:00:36.004 [main] INFO  springfox.documentation.spring.web.plugins.DocumentationPluginsBootstrapper - Found 1 custom documentation plugin(s)
2020-02-07 20:00:36.024 [main] INFO  springfox.documentation.spring.web.scanners.ApiListingReferenceScanner - Scanning for api listing references
2020-02-07 20:00:36.063 [main] INFO  org.apache.coyote.http11.Http11NioProtocol - Starting ProtocolHandler ["http-nio-19014"]
2020-02-07 20:00:36.079 [main] INFO  org.apache.tomcat.util.net.NioSelectorPool - Using a shared selector for servlet write/read
2020-02-07 20:00:36.103 [main] INFO  com.xinchao.EasyEduApp - Started EasyEduApp in 8.551 seconds (JVM running for 10.352)
2020-02-07 20:00:47.642 [http-nio-19014-exec-1] INFO  org.apache.catalina.core.ContainerBase.[Tomcat].[localhost].[/] - Initializing Spring FrameworkServlet 'dispatcherServlet'
2020-02-07 20:02:12.626 [main] INFO  com.xinchao.EasyEduApp - No active profile set, falling back to default profiles: default
2020-02-07 20:02:14.419 [main] INFO  org.apache.coyote.http11.Http11NioProtocol - Initializing ProtocolHandler ["http-nio-19014"]
2020-02-07 20:02:14.455 [main] INFO  org.apache.catalina.core.StandardService - Starting service [Tomcat]
2020-02-07 20:02:14.455 [main] INFO  org.apache.catalina.core.StandardEngine - Starting Servlet Engine: Apache Tomcat/8.5.29
2020-02-07 20:02:14.609 [localhost-startStop-1] INFO  org.apache.catalina.core.ContainerBase.[Tomcat].[localhost].[/] - Initializing Spring embedded WebApplicationContext
2020-02-07 20:02:16.971 [main] INFO  com.netflix.config.sources.URLConfigurationSource - To enable URLs as dynamic configuration sources, define System property archaius.configurationSource.additionalUrls or make config.properties available on classpath.
2020-02-07 20:02:16.977 [main] INFO  com.netflix.config.sources.URLConfigurationSource - To enable URLs as dynamic configuration sources, define System property archaius.configurationSource.additionalUrls or make config.properties available on classpath.
2020-02-07 20:02:18.519 [main] INFO  springfox.documentation.spring.web.plugins.DocumentationPluginsBootstrapper - Context refreshed
2020-02-07 20:02:18.541 [main] INFO  springfox.documentation.spring.web.plugins.DocumentationPluginsBootstrapper - Found 1 custom documentation plugin(s)
2020-02-07 20:02:18.564 [main] INFO  springfox.documentation.spring.web.scanners.ApiListingReferenceScanner - Scanning for api listing references
2020-02-07 20:02:18.609 [main] INFO  org.apache.coyote.http11.Http11NioProtocol - Starting ProtocolHandler ["http-nio-19014"]
2020-02-07 20:02:18.624 [main] INFO  org.apache.tomcat.util.net.NioSelectorPool - Using a shared selector for servlet write/read
2020-02-07 20:02:18.650 [main] INFO  com.xinchao.EasyEduApp - Started EasyEduApp in 9.023 seconds (JVM running for 10.737)
2020-02-07 20:02:18.877 [http-nio-19014-exec-2] INFO  org.apache.catalina.core.ContainerBase.[Tomcat].[localhost].[/] - Initializing Spring FrameworkServlet 'dispatcherServlet'
2020-02-07 21:04:55.356 [main] INFO  com.xinchao.EasyEduApp - No active profile set, falling back to default profiles: default
2020-02-07 21:04:57.390 [main] INFO  org.apache.coyote.http11.Http11NioProtocol - Initializing ProtocolHandler ["http-nio-19014"]
2020-02-07 21:04:57.402 [main] INFO  org.apache.catalina.core.StandardService - Starting service [Tomcat]
2020-02-07 21:04:57.402 [main] INFO  org.apache.catalina.core.StandardEngine - Starting Servlet Engine: Apache Tomcat/8.5.29
2020-02-07 21:04:57.545 [localhost-startStop-1] INFO  org.apache.catalina.core.ContainerBase.[Tomcat].[localhost].[/] - Initializing Spring embedded WebApplicationContext
2020-02-07 21:05:06.695 [main] INFO  com.netflix.config.sources.URLConfigurationSource - To enable URLs as dynamic configuration sources, define System property archaius.configurationSource.additionalUrls or make config.properties available on classpath.
2020-02-07 21:05:06.702 [main] INFO  com.netflix.config.sources.URLConfigurationSource - To enable URLs as dynamic configuration sources, define System property archaius.configurationSource.additionalUrls or make config.properties available on classpath.
2020-02-07 21:05:08.134 [main] INFO  springfox.documentation.spring.web.plugins.DocumentationPluginsBootstrapper - Context refreshed
2020-02-07 21:05:08.153 [main] INFO  springfox.documentation.spring.web.plugins.DocumentationPluginsBootstrapper - Found 1 custom documentation plugin(s)
2020-02-07 21:05:08.174 [main] INFO  springfox.documentation.spring.web.scanners.ApiListingReferenceScanner - Scanning for api listing references
2020-02-07 21:05:08.213 [main] INFO  org.apache.coyote.http11.Http11NioProtocol - Starting ProtocolHandler ["http-nio-19014"]
2020-02-07 21:05:08.229 [main] INFO  org.apache.tomcat.util.net.NioSelectorPool - Using a shared selector for servlet write/read
2020-02-07 21:05:08.252 [main] INFO  com.xinchao.EasyEduApp - Started EasyEduApp in 15.617 seconds (JVM running for 17.269)
2020-02-07 21:05:15.181 [http-nio-19014-exec-2] INFO  org.apache.catalina.core.ContainerBase.[Tomcat].[localhost].[/] - Initializing Spring FrameworkServlet 'dispatcherServlet'
2020-02-07 21:06:15.469 [main] INFO  com.xinchao.EasyEduApp - No active profile set, falling back to default profiles: default
2020-02-07 21:06:17.382 [main] INFO  org.apache.coyote.http11.Http11NioProtocol - Initializing ProtocolHandler ["http-nio-19014"]
2020-02-07 21:06:17.396 [main] INFO  org.apache.catalina.core.StandardService - Starting service [Tomcat]
2020-02-07 21:06:17.396 [main] INFO  org.apache.catalina.core.StandardEngine - Starting Servlet Engine: Apache Tomcat/8.5.29
2020-02-07 21:06:17.540 [localhost-startStop-1] INFO  org.apache.catalina.core.ContainerBase.[Tomcat].[localhost].[/] - Initializing Spring embedded WebApplicationContext
2020-02-07 21:06:19.959 [main] INFO  com.netflix.config.sources.URLConfigurationSource - To enable URLs as dynamic configuration sources, define System property archaius.configurationSource.additionalUrls or make config.properties available on classpath.
2020-02-07 21:06:19.972 [main] INFO  com.netflix.config.sources.URLConfigurationSource - To enable URLs as dynamic configuration sources, define System property archaius.configurationSource.additionalUrls or make config.properties available on classpath.
2020-02-07 21:06:21.388 [main] INFO  springfox.documentation.spring.web.plugins.DocumentationPluginsBootstrapper - Context refreshed
2020-02-07 21:06:21.407 [main] INFO  springfox.documentation.spring.web.plugins.DocumentationPluginsBootstrapper - Found 1 custom documentation plugin(s)
2020-02-07 21:06:21.433 [main] INFO  springfox.documentation.spring.web.scanners.ApiListingReferenceScanner - Scanning for api listing references
2020-02-07 21:06:21.473 [main] INFO  org.apache.coyote.http11.Http11NioProtocol - Starting ProtocolHandler ["http-nio-19014"]
2020-02-07 21:06:21.486 [main] INFO  org.apache.tomcat.util.net.NioSelectorPool - Using a shared selector for servlet write/read
2020-02-07 21:06:21.510 [main] INFO  com.xinchao.EasyEduApp - Started EasyEduApp in 8.755 seconds (JVM running for 10.301)
2020-02-07 21:06:27.497 [http-nio-19014-exec-1] INFO  org.apache.catalina.core.ContainerBase.[Tomcat].[localhost].[/] - Initializing Spring FrameworkServlet 'dispatcherServlet'
2020-02-07 21:07:36.433 [main] INFO  com.xinchao.EasyEduApp - No active profile set, falling back to default profiles: default
2020-02-07 21:07:38.421 [main] INFO  org.apache.coyote.http11.Http11NioProtocol - Initializing ProtocolHandler ["http-nio-19014"]
2020-02-07 21:07:38.435 [main] INFO  org.apache.catalina.core.StandardService - Starting service [Tomcat]
2020-02-07 21:07:38.435 [main] INFO  org.apache.catalina.core.StandardEngine - Starting Servlet Engine: Apache Tomcat/8.5.29
2020-02-07 21:07:38.580 [localhost-startStop-1] INFO  org.apache.catalina.core.ContainerBase.[Tomcat].[localhost].[/] - Initializing Spring embedded WebApplicationContext
2020-02-07 21:07:41.075 [main] INFO  com.netflix.config.sources.URLConfigurationSource - To enable URLs as dynamic configuration sources, define System property archaius.configurationSource.additionalUrls or make config.properties available on classpath.
2020-02-07 21:07:41.081 [main] INFO  com.netflix.config.sources.URLConfigurationSource - To enable URLs as dynamic configuration sources, define System property archaius.configurationSource.additionalUrls or make config.properties available on classpath.
2020-02-07 21:07:42.524 [main] INFO  springfox.documentation.spring.web.plugins.DocumentationPluginsBootstrapper - Context refreshed
2020-02-07 21:07:42.546 [main] INFO  springfox.documentation.spring.web.plugins.DocumentationPluginsBootstrapper - Found 1 custom documentation plugin(s)
2020-02-07 21:07:42.570 [main] INFO  springfox.documentation.spring.web.scanners.ApiListingReferenceScanner - Scanning for api listing references
2020-02-07 21:07:42.610 [main] INFO  org.apache.coyote.http11.Http11NioProtocol - Starting ProtocolHandler ["http-nio-19014"]
2020-02-07 21:07:42.626 [main] INFO  org.apache.tomcat.util.net.NioSelectorPool - Using a shared selector for servlet write/read
2020-02-07 21:07:42.652 [main] INFO  com.xinchao.EasyEduApp - Started EasyEduApp in 8.869 seconds (JVM running for 10.466)
2020-02-07 21:07:47.331 [http-nio-19014-exec-2] INFO  org.apache.catalina.core.ContainerBase.[Tomcat].[localhost].[/] - Initializing Spring FrameworkServlet 'dispatcherServlet'
2020-02-07 21:09:13.589 [main] INFO  com.xinchao.EasyEduApp - No active profile set, falling back to default profiles: default
2020-02-07 21:09:15.789 [main] INFO  org.apache.coyote.http11.Http11NioProtocol - Initializing ProtocolHandler ["http-nio-19014"]
2020-02-07 21:09:15.804 [main] INFO  org.apache.catalina.core.StandardService - Starting service [Tomcat]
2020-02-07 21:09:15.805 [main] INFO  org.apache.catalina.core.StandardEngine - Starting Servlet Engine: Apache Tomcat/8.5.29
2020-02-07 21:09:15.946 [localhost-startStop-1] INFO  org.apache.catalina.core.ContainerBase.[Tomcat].[localhost].[/] - Initializing Spring embedded WebApplicationContext
2020-02-07 21:09:18.571 [main] INFO  com.netflix.config.sources.URLConfigurationSource - To enable URLs as dynamic configuration sources, define System property archaius.configurationSource.additionalUrls or make config.properties available on classpath.
2020-02-07 21:09:18.577 [main] INFO  com.netflix.config.sources.URLConfigurationSource - To enable URLs as dynamic configuration sources, define System property archaius.configurationSource.additionalUrls or make config.properties available on classpath.
2020-02-07 21:09:20.153 [main] INFO  springfox.documentation.spring.web.plugins.DocumentationPluginsBootstrapper - Context refreshed
2020-02-07 21:09:20.173 [main] INFO  springfox.documentation.spring.web.plugins.DocumentationPluginsBootstrapper - Found 1 custom documentation plugin(s)
2020-02-07 21:09:20.195 [main] INFO  springfox.documentation.spring.web.scanners.ApiListingReferenceScanner - Scanning for api listing references
2020-02-07 21:09:20.232 [main] INFO  org.apache.coyote.http11.Http11NioProtocol - Starting ProtocolHandler ["http-nio-19014"]
2020-02-07 21:09:20.247 [main] INFO  org.apache.tomcat.util.net.NioSelectorPool - Using a shared selector for servlet write/read
2020-02-07 21:09:20.271 [main] INFO  com.xinchao.EasyEduApp - Started EasyEduApp in 9.263 seconds (JVM running for 11.031)
2020-02-07 21:09:24.274 [http-nio-19014-exec-2] INFO  org.apache.catalina.core.ContainerBase.[Tomcat].[localhost].[/] - Initializing Spring FrameworkServlet 'dispatcherServlet'
2020-02-07 21:10:47.667 [main] INFO  com.xinchao.EasyEduApp - No active profile set, falling back to default profiles: default
2020-02-07 21:10:49.488 [main] INFO  org.apache.coyote.http11.Http11NioProtocol - Initializing ProtocolHandler ["http-nio-19014"]
2020-02-07 21:10:49.500 [main] INFO  org.apache.catalina.core.StandardService - Starting service [Tomcat]
2020-02-07 21:10:49.500 [main] INFO  org.apache.catalina.core.StandardEngine - Starting Servlet Engine: Apache Tomcat/8.5.29
2020-02-07 21:10:49.640 [localhost-startStop-1] INFO  org.apache.catalina.core.ContainerBase.[Tomcat].[localhost].[/] - Initializing Spring embedded WebApplicationContext
2020-02-07 21:10:51.900 [main] INFO  com.netflix.config.sources.URLConfigurationSource - To enable URLs as dynamic configuration sources, define System property archaius.configurationSource.additionalUrls or make config.properties available on classpath.
2020-02-07 21:10:51.905 [main] INFO  com.netflix.config.sources.URLConfigurationSource - To enable URLs as dynamic configuration sources, define System property archaius.configurationSource.additionalUrls or make config.properties available on classpath.
2020-02-07 21:10:53.241 [main] INFO  springfox.documentation.spring.web.plugins.DocumentationPluginsBootstrapper - Context refreshed
2020-02-07 21:10:53.259 [main] INFO  springfox.documentation.spring.web.plugins.DocumentationPluginsBootstrapper - Found 1 custom documentation plugin(s)
2020-02-07 21:10:53.282 [main] INFO  springfox.documentation.spring.web.scanners.ApiListingReferenceScanner - Scanning for api listing references
2020-02-07 21:10:53.319 [main] INFO  org.apache.coyote.http11.Http11NioProtocol - Starting ProtocolHandler ["http-nio-19014"]
2020-02-07 21:10:53.334 [main] INFO  org.apache.tomcat.util.net.NioSelectorPool - Using a shared selector for servlet write/read
2020-02-07 21:10:53.358 [main] INFO  com.xinchao.EasyEduApp - Started EasyEduApp in 8.434 seconds (JVM running for 10.028)
2020-02-07 21:11:34.956 [http-nio-19014-exec-2] INFO  org.apache.catalina.core.ContainerBase.[Tomcat].[localhost].[/] - Initializing Spring FrameworkServlet 'dispatcherServlet'
2020-02-07 21:13:51.972 [main] INFO  com.xinchao.EasyEduApp - No active profile set, falling back to default profiles: default
2020-02-07 21:13:53.878 [main] INFO  org.apache.coyote.http11.Http11NioProtocol - Initializing ProtocolHandler ["http-nio-19014"]
2020-02-07 21:13:53.894 [main] INFO  org.apache.catalina.core.StandardService - Starting service [Tomcat]
2020-02-07 21:13:53.894 [main] INFO  org.apache.catalina.core.StandardEngine - Starting Servlet Engine: Apache Tomcat/8.5.29
2020-02-07 21:13:54.044 [localhost-startStop-1] INFO  org.apache.catalina.core.ContainerBase.[Tomcat].[localhost].[/] - Initializing Spring embedded WebApplicationContext
2020-02-07 21:13:56.244 [main] INFO  com.netflix.config.sources.URLConfigurationSource - To enable URLs as dynamic configuration sources, define System property archaius.configurationSource.additionalUrls or make config.properties available on classpath.
2020-02-07 21:13:56.249 [main] INFO  com.netflix.config.sources.URLConfigurationSource - To enable URLs as dynamic configuration sources, define System property archaius.configurationSource.additionalUrls or make config.properties available on classpath.
2020-02-07 21:13:57.562 [main] INFO  springfox.documentation.spring.web.plugins.DocumentationPluginsBootstrapper - Context refreshed
2020-02-07 21:13:57.581 [main] INFO  springfox.documentation.spring.web.plugins.DocumentationPluginsBootstrapper - Found 1 custom documentation plugin(s)
2020-02-07 21:13:57.602 [main] INFO  springfox.documentation.spring.web.scanners.ApiListingReferenceScanner - Scanning for api listing references
2020-02-07 21:13:57.643 [main] INFO  org.apache.coyote.http11.Http11NioProtocol - Starting ProtocolHandler ["http-nio-19014"]
2020-02-07 21:13:57.658 [main] INFO  org.apache.tomcat.util.net.NioSelectorPool - Using a shared selector for servlet write/read
2020-02-07 21:13:57.682 [main] INFO  com.xinchao.EasyEduApp - Started EasyEduApp in 8.104 seconds (JVM running for 9.709)
2020-02-07 21:14:09.260 [http-nio-19014-exec-2] INFO  org.apache.catalina.core.ContainerBase.[Tomcat].[localhost].[/] - Initializing Spring FrameworkServlet 'dispatcherServlet'
2020-02-07 21:16:13.642 [main] INFO  com.xinchao.EasyEduApp - No active profile set, falling back to default profiles: default
2020-02-07 21:16:15.646 [main] INFO  org.apache.coyote.http11.Http11NioProtocol - Initializing ProtocolHandler ["http-nio-19014"]
2020-02-07 21:16:15.659 [main] INFO  org.apache.catalina.core.StandardService - Starting service [Tomcat]
2020-02-07 21:16:15.659 [main] INFO  org.apache.catalina.core.StandardEngine - Starting Servlet Engine: Apache Tomcat/8.5.29
2020-02-07 21:16:15.803 [localhost-startStop-1] INFO  org.apache.catalina.core.ContainerBase.[Tomcat].[localhost].[/] - Initializing Spring embedded WebApplicationContext
2020-02-07 21:16:18.186 [main] INFO  com.netflix.config.sources.URLConfigurationSource - To enable URLs as dynamic configuration sources, define System property archaius.configurationSource.additionalUrls or make config.properties available on classpath.
2020-02-07 21:16:18.193 [main] INFO  com.netflix.config.sources.URLConfigurationSource - To enable URLs as dynamic configuration sources, define System property archaius.configurationSource.additionalUrls or make config.properties available on classpath.
2020-02-07 21:16:19.759 [main] INFO  springfox.documentation.spring.web.plugins.DocumentationPluginsBootstrapper - Context refreshed
2020-02-07 21:16:19.779 [main] INFO  springfox.documentation.spring.web.plugins.DocumentationPluginsBootstrapper - Found 1 custom documentation plugin(s)
2020-02-07 21:16:19.802 [main] INFO  springfox.documentation.spring.web.scanners.ApiListingReferenceScanner - Scanning for api listing references
2020-02-07 21:16:19.843 [main] INFO  org.apache.coyote.http11.Http11NioProtocol - Starting ProtocolHandler ["http-nio-19014"]
2020-02-07 21:16:19.859 [main] INFO  org.apache.tomcat.util.net.NioSelectorPool - Using a shared selector for servlet write/read
2020-02-07 21:16:19.884 [main] INFO  com.xinchao.EasyEduApp - Started EasyEduApp in 8.69 seconds (JVM running for 10.279)
2020-02-07 21:16:20.241 [http-nio-19014-exec-1] INFO  org.apache.catalina.core.ContainerBase.[Tomcat].[localhost].[/] - Initializing Spring FrameworkServlet 'dispatcherServlet'
2020-02-07 21:17:16.849 [main] INFO  com.xinchao.EasyEduApp - No active profile set, falling back to default profiles: default
2020-02-07 21:17:18.620 [main] INFO  org.apache.coyote.http11.Http11NioProtocol - Initializing ProtocolHandler ["http-nio-19014"]
2020-02-07 21:17:18.634 [main] INFO  org.apache.catalina.core.StandardService - Starting service [Tomcat]
2020-02-07 21:17:18.634 [main] INFO  org.apache.catalina.core.StandardEngine - Starting Servlet Engine: Apache Tomcat/8.5.29
2020-02-07 21:17:18.767 [localhost-startStop-1] INFO  org.apache.catalina.core.ContainerBase.[Tomcat].[localhost].[/] - Initializing Spring embedded WebApplicationContext
2020-02-07 21:17:21.032 [main] INFO  com.netflix.config.sources.URLConfigurationSource - To enable URLs as dynamic configuration sources, define System property archaius.configurationSource.additionalUrls or make config.properties available on classpath.
2020-02-07 21:17:21.038 [main] INFO  com.netflix.config.sources.URLConfigurationSource - To enable URLs as dynamic configuration sources, define System property archaius.configurationSource.additionalUrls or make config.properties available on classpath.
2020-02-07 21:17:22.616 [main] INFO  springfox.documentation.spring.web.plugins.DocumentationPluginsBootstrapper - Context refreshed
2020-02-07 21:17:22.645 [main] INFO  springfox.documentation.spring.web.plugins.DocumentationPluginsBootstrapper - Found 1 custom documentation plugin(s)
2020-02-07 21:17:22.672 [main] INFO  springfox.documentation.spring.web.scanners.ApiListingReferenceScanner - Scanning for api listing references
2020-02-07 21:17:22.725 [main] INFO  org.apache.coyote.http11.Http11NioProtocol - Starting ProtocolHandler ["http-nio-19014"]
2020-02-07 21:17:22.741 [main] INFO  org.apache.tomcat.util.net.NioSelectorPool - Using a shared selector for servlet write/read
2020-02-07 21:17:22.777 [main] INFO  com.xinchao.EasyEduApp - Started EasyEduApp in 9.061 seconds (JVM running for 10.691)
2020-02-07 21:17:24.587 [http-nio-19014-exec-2] INFO  org.apache.catalina.core.ContainerBase.[Tomcat].[localhost].[/] - Initializing Spring FrameworkServlet 'dispatcherServlet'
2020-02-07 21:20:58.232 [main] INFO  com.xinchao.EasyEduApp - No active profile set, falling back to default profiles: default
2020-02-07 21:21:00.049 [main] INFO  org.apache.coyote.http11.Http11NioProtocol - Initializing ProtocolHandler ["http-nio-19014"]
2020-02-07 21:21:00.061 [main] INFO  org.apache.catalina.core.StandardService - Starting service [Tomcat]
2020-02-07 21:21:00.062 [main] INFO  org.apache.catalina.core.StandardEngine - Starting Servlet Engine: Apache Tomcat/8.5.29
2020-02-07 21:21:00.195 [localhost-startStop-1] INFO  org.apache.catalina.core.ContainerBase.[Tomcat].[localhost].[/] - Initializing Spring embedded WebApplicationContext
2020-02-07 21:21:02.634 [main] INFO  com.netflix.config.sources.URLConfigurationSource - To enable URLs as dynamic configuration sources, define System property archaius.configurationSource.additionalUrls or make config.properties available on classpath.
2020-02-07 21:21:02.640 [main] INFO  com.netflix.config.sources.URLConfigurationSource - To enable URLs as dynamic configuration sources, define System property archaius.configurationSource.additionalUrls or make config.properties available on classpath.
2020-02-07 21:21:03.932 [main] INFO  springfox.documentation.spring.web.plugins.DocumentationPluginsBootstrapper - Context refreshed
2020-02-07 21:21:03.952 [main] INFO  springfox.documentation.spring.web.plugins.DocumentationPluginsBootstrapper - Found 1 custom documentation plugin(s)
2020-02-07 21:21:03.974 [main] INFO  springfox.documentation.spring.web.scanners.ApiListingReferenceScanner - Scanning for api listing references
2020-02-07 21:21:04.011 [main] INFO  org.apache.coyote.http11.Http11NioProtocol - Starting ProtocolHandler ["http-nio-19014"]
2020-02-07 21:21:04.027 [main] INFO  org.apache.tomcat.util.net.NioSelectorPool - Using a shared selector for servlet write/read
2020-02-07 21:21:04.053 [main] INFO  com.xinchao.EasyEduApp - Started EasyEduApp in 8.293 seconds (JVM running for 9.895)
2020-02-07 21:21:06.841 [http-nio-19014-exec-1] INFO  org.apache.catalina.core.ContainerBase.[Tomcat].[localhost].[/] - Initializing Spring FrameworkServlet 'dispatcherServlet'
2020-02-07 21:44:16.036 [main] INFO  com.xinchao.EasyEduApp - No active profile set, falling back to default profiles: default
2020-02-07 21:44:17.896 [main] INFO  org.apache.coyote.http11.Http11NioProtocol - Initializing ProtocolHandler ["http-nio-19014"]
2020-02-07 21:44:17.908 [main] INFO  org.apache.catalina.core.StandardService - Starting service [Tomcat]
2020-02-07 21:44:17.908 [main] INFO  org.apache.catalina.core.StandardEngine - Starting Servlet Engine: Apache Tomcat/8.5.29
2020-02-07 21:44:18.042 [localhost-startStop-1] INFO  org.apache.catalina.core.ContainerBase.[Tomcat].[localhost].[/] - Initializing Spring embedded WebApplicationContext
2020-02-07 21:44:20.294 [main] INFO  com.netflix.config.sources.URLConfigurationSource - To enable URLs as dynamic configuration sources, define System property archaius.configurationSource.additionalUrls or make config.properties available on classpath.
2020-02-07 21:44:20.302 [main] INFO  com.netflix.config.sources.URLConfigurationSource - To enable URLs as dynamic configuration sources, define System property archaius.configurationSource.additionalUrls or make config.properties available on classpath.
2020-02-07 21:44:21.687 [main] INFO  springfox.documentation.spring.web.plugins.DocumentationPluginsBootstrapper - Context refreshed
2020-02-07 21:44:21.705 [main] INFO  springfox.documentation.spring.web.plugins.DocumentationPluginsBootstrapper - Found 1 custom documentation plugin(s)
2020-02-07 21:44:21.726 [main] INFO  springfox.documentation.spring.web.scanners.ApiListingReferenceScanner - Scanning for api listing references
2020-02-07 21:44:21.771 [main] INFO  org.apache.coyote.http11.Http11NioProtocol - Starting ProtocolHandler ["http-nio-19014"]
2020-02-07 21:44:21.786 [main] INFO  org.apache.tomcat.util.net.NioSelectorPool - Using a shared selector for servlet write/read
2020-02-07 21:44:21.810 [main] INFO  com.xinchao.EasyEduApp - Started EasyEduApp in 8.407 seconds (JVM running for 10.263)
2020-02-07 21:44:31.620 [http-nio-19014-exec-2] INFO  org.apache.catalina.core.ContainerBase.[Tomcat].[localhost].[/] - Initializing Spring FrameworkServlet 'dispatcherServlet'
2020-02-07 21:45:00.001 [pool-2-thread-1] INFO  com.xinchao.schedule.ScanTestScheduler - 定时扫描去完成测试任务
2020-02-07 21:46:13.489 [main] INFO  com.xinchao.EasyEduApp - No active profile set, falling back to default profiles: default
2020-02-07 21:46:15.313 [main] INFO  org.apache.coyote.http11.Http11NioProtocol - Initializing ProtocolHandler ["http-nio-19014"]
2020-02-07 21:46:15.328 [main] INFO  org.apache.catalina.core.StandardService - Starting service [Tomcat]
2020-02-07 21:46:15.328 [main] INFO  org.apache.catalina.core.StandardEngine - Starting Servlet Engine: Apache Tomcat/8.5.29
2020-02-07 21:46:15.468 [localhost-startStop-1] INFO  org.apache.catalina.core.ContainerBase.[Tomcat].[localhost].[/] - Initializing Spring embedded WebApplicationContext
2020-02-07 21:46:17.713 [main] INFO  com.netflix.config.sources.URLConfigurationSource - To enable URLs as dynamic configuration sources, define System property archaius.configurationSource.additionalUrls or make config.properties available on classpath.
2020-02-07 21:46:17.719 [main] INFO  com.netflix.config.sources.URLConfigurationSource - To enable URLs as dynamic configuration sources, define System property archaius.configurationSource.additionalUrls or make config.properties available on classpath.
2020-02-07 21:46:19.088 [main] INFO  springfox.documentation.spring.web.plugins.DocumentationPluginsBootstrapper - Context refreshed
2020-02-07 21:46:19.109 [main] INFO  springfox.documentation.spring.web.plugins.DocumentationPluginsBootstrapper - Found 1 custom documentation plugin(s)
2020-02-07 21:46:19.130 [main] INFO  springfox.documentation.spring.web.scanners.ApiListingReferenceScanner - Scanning for api listing references
2020-02-07 21:46:19.179 [main] INFO  org.apache.coyote.http11.Http11NioProtocol - Starting ProtocolHandler ["http-nio-19014"]
2020-02-07 21:46:19.194 [main] INFO  org.apache.tomcat.util.net.NioSelectorPool - Using a shared selector for servlet write/read
2020-02-07 21:46:19.219 [main] INFO  com.xinchao.EasyEduApp - Started EasyEduApp in 8.252 seconds (JVM running for 9.983)
2020-02-07 21:46:46.780 [http-nio-19014-exec-1] INFO  org.apache.catalina.core.ContainerBase.[Tomcat].[localhost].[/] - Initializing Spring FrameworkServlet 'dispatcherServlet'
2020-02-07 21:55:00.003 [pool-2-thread-1] INFO  com.xinchao.schedule.ScanTestScheduler - 定时扫描去完成测试任务
2020-02-07 22:05:00.001 [pool-2-thread-1] INFO  com.xinchao.schedule.ScanTestScheduler - 定时扫描去完成测试任务
2020-02-07 22:15:00.001 [pool-2-thread-1] INFO  com.xinchao.schedule.ScanTestScheduler - 定时扫描去完成测试任务
2020-02-07 22:25:00.002 [pool-2-thread-1] INFO  com.xinchao.schedule.ScanTestScheduler - 定时扫描去完成测试任务
2020-02-07 22:35:00.001 [pool-2-thread-1] INFO  com.xinchao.schedule.ScanTestScheduler - 定时扫描去完成测试任务
2020-02-07 22:45:00.002 [pool-2-thread-1] INFO  com.xinchao.schedule.ScanTestScheduler - 定时扫描去完成测试任务
2020-02-07 22:51:57.341 [main] INFO  com.xinchao.EasyEduApp - No active profile set, falling back to default profiles: default
2020-02-07 22:51:59.172 [main] INFO  org.apache.coyote.http11.Http11NioProtocol - Initializing ProtocolHandler ["http-nio-19014"]
2020-02-07 22:51:59.185 [main] INFO  org.apache.catalina.core.StandardService - Starting service [Tomcat]
2020-02-07 22:51:59.186 [main] INFO  org.apache.catalina.core.StandardEngine - Starting Servlet Engine: Apache Tomcat/8.5.29
2020-02-07 22:51:59.318 [localhost-startStop-1] INFO  org.apache.catalina.core.ContainerBase.[Tomcat].[localhost].[/] - Initializing Spring embedded WebApplicationContext
2020-02-07 22:52:00.073 [main] INFO  org.apache.catalina.core.StandardService - Stopping service [Tomcat]
2020-02-07 22:53:04.919 [main] INFO  com.xinchao.EasyEduApp - No active profile set, falling back to default profiles: default
2020-02-07 22:53:06.680 [main] INFO  org.apache.coyote.http11.Http11NioProtocol - Initializing ProtocolHandler ["http-nio-19014"]
2020-02-07 22:53:06.691 [main] INFO  org.apache.catalina.core.StandardService - Starting service [Tomcat]
2020-02-07 22:53:06.692 [main] INFO  org.apache.catalina.core.StandardEngine - Starting Servlet Engine: Apache Tomcat/8.5.29
2020-02-07 22:53:06.833 [localhost-startStop-1] INFO  org.apache.catalina.core.ContainerBase.[Tomcat].[localhost].[/] - Initializing Spring embedded WebApplicationContext
2020-02-07 22:53:07.461 [main] INFO  org.apache.catalina.core.StandardService - Stopping service [Tomcat]
2020-02-07 22:53:30.225 [main] INFO  com.xinchao.EasyEduApp - No active profile set, falling back to default profiles: default
2020-02-07 22:53:32.018 [main] INFO  org.apache.coyote.http11.Http11NioProtocol - Initializing ProtocolHandler ["http-nio-19014"]
2020-02-07 22:53:32.032 [main] INFO  org.apache.catalina.core.StandardService - Starting service [Tomcat]
2020-02-07 22:53:32.032 [main] INFO  org.apache.catalina.core.StandardEngine - Starting Servlet Engine: Apache Tomcat/8.5.29
2020-02-07 22:53:32.163 [localhost-startStop-1] INFO  org.apache.catalina.core.ContainerBase.[Tomcat].[localhost].[/] - Initializing Spring embedded WebApplicationContext
2020-02-07 22:53:34.444 [main] INFO  com.netflix.config.sources.URLConfigurationSource - To enable URLs as dynamic configuration sources, define System property archaius.configurationSource.additionalUrls or make config.properties available on classpath.
2020-02-07 22:53:34.450 [main] INFO  com.netflix.config.sources.URLConfigurationSource - To enable URLs as dynamic configuration sources, define System property archaius.configurationSource.additionalUrls or make config.properties available on classpath.
2020-02-07 22:53:35.804 [main] INFO  springfox.documentation.spring.web.plugins.DocumentationPluginsBootstrapper - Context refreshed
2020-02-07 22:53:35.825 [main] INFO  springfox.documentation.spring.web.plugins.DocumentationPluginsBootstrapper - Found 1 custom documentation plugin(s)
2020-02-07 22:53:35.845 [main] INFO  springfox.documentation.spring.web.scanners.ApiListingReferenceScanner - Scanning for api listing references
2020-02-07 22:53:35.884 [main] INFO  org.apache.coyote.http11.Http11NioProtocol - Starting ProtocolHandler ["http-nio-19014"]
2020-02-07 22:53:35.899 [main] INFO  org.apache.tomcat.util.net.NioSelectorPool - Using a shared selector for servlet write/read
2020-02-07 22:53:35.922 [main] INFO  com.xinchao.EasyEduApp - Started EasyEduApp in 8.326 seconds (JVM running for 9.94)
2020-02-07 22:53:46.822 [http-nio-19014-exec-2] INFO  org.apache.catalina.core.ContainerBase.[Tomcat].[localhost].[/] - Initializing Spring FrameworkServlet 'dispatcherServlet'
2020-02-07 23:13:11.893 [main] INFO  com.xinchao.EasyEduApp - No active profile set, falling back to default profiles: default
2020-02-07 23:13:13.829 [main] INFO  org.apache.coyote.http11.Http11NioProtocol - Initializing ProtocolHandler ["http-nio-19014"]
2020-02-07 23:13:13.842 [main] INFO  org.apache.catalina.core.StandardService - Starting service [Tomcat]
2020-02-07 23:13:13.842 [main] INFO  org.apache.catalina.core.StandardEngine - Starting Servlet Engine: Apache Tomcat/8.5.29
2020-02-07 23:13:13.976 [localhost-startStop-1] INFO  org.apache.catalina.core.ContainerBase.[Tomcat].[localhost].[/] - Initializing Spring embedded WebApplicationContext
2020-02-07 23:13:16.287 [main] INFO  com.netflix.config.sources.URLConfigurationSource - To enable URLs as dynamic configuration sources, define System property archaius.configurationSource.additionalUrls or make config.properties available on classpath.
2020-02-07 23:13:16.292 [main] INFO  com.netflix.config.sources.URLConfigurationSource - To enable URLs as dynamic configuration sources, define System property archaius.configurationSource.additionalUrls or make config.properties available on classpath.
2020-02-07 23:13:17.743 [main] INFO  springfox.documentation.spring.web.plugins.DocumentationPluginsBootstrapper - Context refreshed
2020-02-07 23:13:17.763 [main] INFO  springfox.documentation.spring.web.plugins.DocumentationPluginsBootstrapper - Found 1 custom documentation plugin(s)
2020-02-07 23:13:17.784 [main] INFO  springfox.documentation.spring.web.scanners.ApiListingReferenceScanner - Scanning for api listing references
2020-02-07 23:13:17.824 [main] INFO  org.apache.coyote.http11.Http11NioProtocol - Starting ProtocolHandler ["http-nio-19014"]
2020-02-07 23:13:17.839 [main] INFO  org.apache.tomcat.util.net.NioSelectorPool - Using a shared selector for servlet write/read
2020-02-07 23:13:17.863 [main] INFO  com.xinchao.EasyEduApp - Started EasyEduApp in 8.18 seconds (JVM running for 10.044)
2020-02-07 23:14:24.893 [main] INFO  com.xinchao.EasyEduApp - No active profile set, falling back to default profiles: default
2020-02-07 23:14:26.630 [main] INFO  org.apache.coyote.http11.Http11NioProtocol - Initializing ProtocolHandler ["http-nio-19014"]
2020-02-07 23:14:26.642 [main] INFO  org.apache.catalina.core.StandardService - Starting service [Tomcat]
2020-02-07 23:14:26.643 [main] INFO  org.apache.catalina.core.StandardEngine - Starting Servlet Engine: Apache Tomcat/8.5.29
2020-02-07 23:14:26.774 [localhost-startStop-1] INFO  org.apache.catalina.core.ContainerBase.[Tomcat].[localhost].[/] - Initializing Spring embedded WebApplicationContext
2020-02-07 23:14:28.928 [main] INFO  com.netflix.config.sources.URLConfigurationSource - To enable URLs as dynamic configuration sources, define System property archaius.configurationSource.additionalUrls or make config.properties available on classpath.
2020-02-07 23:14:28.934 [main] INFO  com.netflix.config.sources.URLConfigurationSource - To enable URLs as dynamic configuration sources, define System property archaius.configurationSource.additionalUrls or make config.properties available on classpath.
2020-02-07 23:14:30.253 [main] INFO  springfox.documentation.spring.web.plugins.DocumentationPluginsBootstrapper - Context refreshed
2020-02-07 23:14:30.271 [main] INFO  springfox.documentation.spring.web.plugins.DocumentationPluginsBootstrapper - Found 1 custom documentation plugin(s)
2020-02-07 23:14:30.291 [main] INFO  springfox.documentation.spring.web.scanners.ApiListingReferenceScanner - Scanning for api listing references
2020-02-07 23:14:30.336 [main] INFO  org.apache.coyote.http11.Http11NioProtocol - Starting ProtocolHandler ["http-nio-19014"]
2020-02-07 23:14:30.353 [main] INFO  org.apache.tomcat.util.net.NioSelectorPool - Using a shared selector for servlet write/read
2020-02-07 23:14:30.381 [main] INFO  com.xinchao.EasyEduApp - Started EasyEduApp in 7.893 seconds (JVM running for 9.473)
2020-02-07 23:15:34.670 [main] INFO  com.xinchao.EasyEduApp - No active profile set, falling back to default profiles: default
2020-02-07 23:15:36.522 [main] INFO  org.apache.coyote.http11.Http11NioProtocol - Initializing ProtocolHandler ["http-nio-19014"]
2020-02-07 23:15:36.534 [main] INFO  org.apache.catalina.core.StandardService - Starting service [Tomcat]
2020-02-07 23:15:36.535 [main] INFO  org.apache.catalina.core.StandardEngine - Starting Servlet Engine: Apache Tomcat/8.5.29
2020-02-07 23:15:36.707 [localhost-startStop-1] INFO  org.apache.catalina.core.ContainerBase.[Tomcat].[localhost].[/] - Initializing Spring embedded WebApplicationContext
2020-02-07 23:15:39.227 [main] INFO  com.netflix.config.sources.URLConfigurationSource - To enable URLs as dynamic configuration sources, define System property archaius.configurationSource.additionalUrls or make config.properties available on classpath.
2020-02-07 23:15:39.232 [main] INFO  com.netflix.config.sources.URLConfigurationSource - To enable URLs as dynamic configuration sources, define System property archaius.configurationSource.additionalUrls or make config.properties available on classpath.
2020-02-07 23:15:40.464 [main] INFO  springfox.documentation.spring.web.plugins.DocumentationPluginsBootstrapper - Context refreshed
2020-02-07 23:15:40.482 [main] INFO  springfox.documentation.spring.web.plugins.DocumentationPluginsBootstrapper - Found 1 custom documentation plugin(s)
2020-02-07 23:15:40.503 [main] INFO  springfox.documentation.spring.web.scanners.ApiListingReferenceScanner - Scanning for api listing references
2020-02-07 23:15:40.540 [main] INFO  org.apache.coyote.http11.Http11NioProtocol - Starting ProtocolHandler ["http-nio-19014"]
2020-02-07 23:15:40.557 [main] INFO  org.apache.tomcat.util.net.NioSelectorPool - Using a shared selector for servlet write/read
2020-02-07 23:15:40.581 [main] INFO  com.xinchao.EasyEduApp - Started EasyEduApp in 8.463 seconds (JVM running for 10.111)
2020-02-07 23:15:48.420 [http-nio-19014-exec-2] INFO  org.apache.catalina.core.ContainerBase.[Tomcat].[localhost].[/] - Initializing Spring FrameworkServlet 'dispatcherServlet'
